
MATLAB is selecting SOFTWARE OPENGL rendering.

                            < M A T L A B (R) >
                  Copyright 1984-2018 The MathWorks, Inc.
              R2018a Update 6 (9.4.0.949201) 64-bit (glnxa64)
                             September 5, 2018

 
To get started, type one of these: helpwin, helpdesk, or demo.
For product information, visit www.mathworks.com.
 
finished normcorr
grouping frames
MATLAB is selecting SOFTWARE OPENGL rendering.

                            < M A T L A B (R) >
                  Copyright 1984-2018 The MathWorks, Inc.
              R2018a Update 6 (9.4.0.949201) 64-bit (glnxa64)
                             September 5, 2018

 
To get started, type one of these: helpwin, helpdesk, or demo.
For product information, visit www.mathworks.com.
 
{Error using parfor_range_check (line 50)
The range of a parfor statement must be increasing consecutive integers.  See
Parallel Computing Toolbox, "parfor".

Error in groupMotionCorrectedFiles (line 8)
parfor i = 1:group:numFiles
} 
